<?xml version="1.0" encoding="UTF-8"?>
<testsuite xmlns:xsi="http://www.w3.org/2001/XMLSchema-instance" xsi:schemaLocation="https://maven.apache.org/surefire/maven-surefire-plugin/xsd/surefire-test-report.xsd" name="runner.RunnerTest" time="37.812" tests="91" errors="0" skipped="0" failures="0">
  <properties>
[...]
</properties>
  <testcase name="Given are on home page" classname="Scenario: Create a new process" time="0.001"/>
  <testcase name="And user clicks in &apos;Processos&apos; on menu" classname="Scenario: Create a new process" time="0"/>
  <testcase name="Given user clicks on button &apos;Novo Processo&apos;" classname="Scenario: Create a new process" time="0"/>
  <testcase name="And user fills input with required fields" classname="Scenario: Create a new process" time="0"/>
  <testcase name="When user clicks on &apos;Salvar&apos; button" classname="Scenario: Create a new process" time="0"/>
  <testcase name="Then user must see the &quot;Processo foi criado com sucesso.&quot; message" classname="Scenario: Create a new process" time="0"/>
  <testcase name="Scenario: Create a new process" classname="Scenario: Create a new process" time="0.429"/>
  <testcase name="Given are on home page" classname="Scenario: View process detail" time="0"/>
  <testcase name="And user clicks in &apos;Processos&apos; on menu" classname="Scenario: View process detail" time="0"/>
  <testcase name="Given user wants see details of a created process" classname="Scenario: View process detail" time="0"/>
  <testcase name="When user clicks on &apos;Mostrar&apos; button" classname="Scenario: View process detail" time="0"/>
  <testcase name="Then user see process details" classname="Scenario: View process detail" time="0"/>
  <testcase name="Scenario: View process detail" classname="Scenario: View process detail" time="0.424"/>
  <testcase name="Given are on home page" classname="| São Paulo | 422 | Guarda2 | Doria X Serra | Sim | Sim | Gisele da Silva | 20/10/2022 | 20/10/2021 | 01/02/2024 | Aguardando |  |" time="0.001"/>
  <testcase name="And user clicks in &apos;Processos&apos; on menu" classname="| São Paulo | 422 | Guarda2 | Doria X Serra | Sim | Sim | Gisele da Silva | 20/10/2022 | 20/10/2021 | 01/02/2024 | Aguardando |  |" time="0"/>
  <testcase name="Given user clicks on &apos;Editar&apos; button of ID of created process" classname="| São Paulo | 422 | Guarda2 | Doria X Serra | Sim | Sim | Gisele da Silva | 20/10/2022 | 20/10/2021 | 01/02/2024 | Aguardando |  |" time="0"/>
  <testcase name="And user informs &quot;Vara&quot; equals to &quot;São Paulo&quot;" classname="| São Paulo | 422 | Guarda2 | Doria X Serra | Sim | Sim | Gisele da Silva | 20/10/2022 | 20/10/2021 | 01/02/2024 | Aguardando |  |" time="0"/>
  <testcase name="And user informs &quot;Numero processo&quot; equals to &quot;422&quot;" classname="| São Paulo | 422 | Guarda2 | Doria X Serra | Sim | Sim | Gisele da Silva | 20/10/2022 | 20/10/2021 | 01/02/2024 | Aguardando |  |" time="0"/>
  <testcase name="And user informs &quot;Natureza&quot; equals to &quot;Guarda2&quot;" classname="| São Paulo | 422 | Guarda2 | Doria X Serra | Sim | Sim | Gisele da Silva | 20/10/2022 | 20/10/2021 | 01/02/2024 | Aguardando |  |" time="0"/>
  <testcase name="And user informs &quot;Partes&quot; equals to &quot;Doria X Serra&quot;" classname="| São Paulo | 422 | Guarda2 | Doria X Serra | Sim | Sim | Gisele da Silva | 20/10/2022 | 20/10/2021 | 01/02/2024 | Aguardando |  |" time="0"/>
  <testcase name="And user informs &quot;Urgente&quot; equals to &quot;Sim&quot;" classname="| São Paulo | 422 | Guarda2 | Doria X Serra | Sim | Sim | Gisele da Silva | 20/10/2022 | 20/10/2021 | 01/02/2024 | Aguardando |  |" time="0"/>
  <testcase name="And user informs &quot;Arbitramento&quot; equals to &quot;Sim&quot;" classname="| São Paulo | 422 | Guarda2 | Doria X Serra | Sim | Sim | Gisele da Silva | 20/10/2022 | 20/10/2021 | 01/02/2024 | Aguardando |  |" time="0"/>
  <testcase name="And user informs &quot;Assistente social&quot; equals to &quot;Gisele da Silva&quot;" classname="| São Paulo | 422 | Guarda2 | Doria X Serra | Sim | Sim | Gisele da Silva | 20/10/2022 | 20/10/2021 | 01/02/2024 | Aguardando |  |" time="0"/>
  <testcase name="And user informs &quot;Data entrada&quot; equals to &quot;20/10/2022&quot;" classname="| São Paulo | 422 | Guarda2 | Doria X Serra | Sim | Sim | Gisele da Silva | 20/10/2022 | 20/10/2021 | 01/02/2024 | Aguardando |  |" time="0"/>
  <testcase name="And user informs &quot;Data saida&quot; equals to &quot;20/10/2021&quot;" classname="| São Paulo | 422 | Guarda2 | Doria X Serra | Sim | Sim | Gisele da Silva | 20/10/2022 | 20/10/2021 | 01/02/2024 | Aguardando |  |" time="0"/>
  <testcase name="And user informs &quot;Data agendamento&quot; equals to &quot;01/02/2024&quot;" classname="| São Paulo | 422 | Guarda2 | Doria X Serra | Sim | Sim | Gisele da Silva | 20/10/2022 | 20/10/2021 | 01/02/2024 | Aguardando |  |" time="0"/>
  <testcase name="And user informs &quot;Status&quot; equals to &quot;Aguardando&quot;" classname="| São Paulo | 422 | Guarda2 | Doria X Serra | Sim | Sim | Gisele da Silva | 20/10/2022 | 20/10/2021 | 01/02/2024 | Aguardando |  |" time="0"/>
  <testcase name="And user informs &quot;Observacao&quot; equals to &quot;&quot;" classname="| São Paulo | 422 | Guarda2 | Doria X Serra | Sim | Sim | Gisele da Silva | 20/10/2022 | 20/10/2021 | 01/02/2024 | Aguardando |  |" time="0"/>
  <testcase name="When user clicks on &apos;Salvar&apos; button" classname="| São Paulo | 422 | Guarda2 | Doria X Serra | Sim | Sim | Gisele da Silva | 20/10/2022 | 20/10/2021 | 01/02/2024 | Aguardando |  |" time="0"/>
  <testcase name="Then user must see the &quot;Processo atualizado com sucesso.&quot; message" classname="| São Paulo | 422 | Guarda2 | Doria X Serra | Sim | Sim | Gisele da Silva | 20/10/2022 | 20/10/2021 | 01/02/2024 | Aguardando |  |" time="0"/>
  <testcase name="| São Paulo | 422 | Guarda2 | Doria X Serra | Sim | Sim | Gisele da Silva | 20/10/2022 | 20/10/2021 | 01/02/2024 | Aguardando |  |" classname="| São Paulo | 422 | Guarda2 | Doria X Serra | Sim | Sim | Gisele da Silva | 20/10/2022 | 20/10/2021 | 01/02/2024 | Aguardando |  |" time="0.415"/>
  <testcase name="Given are on home page" classname="| Curitiba | 4265 | Guarda3 | JOao X Maria | Não | Não | Gisele da Silva | 20/10/2022 | 20/10/2021 | 01/02/2022 | Aguardando | Vai ser incrivel |" time="0"/>
  <testcase name="And user clicks in &apos;Processos&apos; on menu" classname="| Curitiba | 4265 | Guarda3 | JOao X Maria | Não | Não | Gisele da Silva | 20/10/2022 | 20/10/2021 | 01/02/2022 | Aguardando | Vai ser incrivel |" time="0.001"/>
  <testcase name="Given user clicks on &apos;Editar&apos; button of ID of created process" classname="| Curitiba | 4265 | Guarda3 | JOao X Maria | Não | Não | Gisele da Silva | 20/10/2022 | 20/10/2021 | 01/02/2022 | Aguardando | Vai ser incrivel |" time="0"/>
  <testcase name="And user informs &quot;Vara&quot; equals to &quot;Curitiba&quot;" classname="| Curitiba | 4265 | Guarda3 | JOao X Maria | Não | Não | Gisele da Silva | 20/10/2022 | 20/10/2021 | 01/02/2022 | Aguardando | Vai ser incrivel |" time="0"/>
  <testcase name="And user informs &quot;Numero processo&quot; equals to &quot;4265&quot;" classname="| Curitiba | 4265 | Guarda3 | JOao X Maria | Não | Não | Gisele da Silva | 20/10/2022 | 20/10/2021 | 01/02/2022 | Aguardando | Vai ser incrivel |" time="0"/>
  <testcase name="And user informs &quot;Natureza&quot; equals to &quot;Guarda3&quot;" classname="| Curitiba | 4265 | Guarda3 | JOao X Maria | Não | Não | Gisele da Silva | 20/10/2022 | 20/10/2021 | 01/02/2022 | Aguardando | Vai ser incrivel |" time="0"/>
  <testcase name="And user informs &quot;Partes&quot; equals to &quot;JOao X Maria&quot;" classname="| Curitiba | 4265 | Guarda3 | JOao X Maria | Não | Não | Gisele da Silva | 20/10/2022 | 20/10/2021 | 01/02/2022 | Aguardando | Vai ser incrivel |" time="0"/>
  <testcase name="And user informs &quot;Urgente&quot; equals to &quot;Não&quot;" classname="| Curitiba | 4265 | Guarda3 | JOao X Maria | Não | Não | Gisele da Silva | 20/10/2022 | 20/10/2021 | 01/02/2022 | Aguardando | Vai ser incrivel |" time="0"/>
  <testcase name="And user informs &quot;Arbitramento&quot; equals to &quot;Não&quot;" classname="| Curitiba | 4265 | Guarda3 | JOao X Maria | Não | Não | Gisele da Silva | 20/10/2022 | 20/10/2021 | 01/02/2022 | Aguardando | Vai ser incrivel |" time="0"/>
  <testcase name="And user informs &quot;Assistente social&quot; equals to &quot;Gisele da Silva&quot;" classname="| Curitiba | 4265 | Guarda3 | JOao X Maria | Não | Não | Gisele da Silva | 20/10/2022 | 20/10/2021 | 01/02/2022 | Aguardando | Vai ser incrivel |" time="0"/>
  <testcase name="And user informs &quot;Data entrada&quot; equals to &quot;20/10/2022&quot;" classname="| Curitiba | 4265 | Guarda3 | JOao X Maria | Não | Não | Gisele da Silva | 20/10/2022 | 20/10/2021 | 01/02/2022 | Aguardando | Vai ser incrivel |" time="0"/>
  <testcase name="And user informs &quot;Data saida&quot; equals to &quot;20/10/2021&quot;" classname="| Curitiba | 4265 | Guarda3 | JOao X Maria | Não | Não | Gisele da Silva | 20/10/2022 | 20/10/2021 | 01/02/2022 | Aguardando | Vai ser incrivel |" time="0"/>
  <testcase name="And user informs &quot;Data agendamento&quot; equals to &quot;01/02/2022&quot;" classname="| Curitiba | 4265 | Guarda3 | JOao X Maria | Não | Não | Gisele da Silva | 20/10/2022 | 20/10/2021 | 01/02/2022 | Aguardando | Vai ser incrivel |" time="0"/>
  <testcase name="And user informs &quot;Status&quot; equals to &quot;Aguardando&quot;" classname="| Curitiba | 4265 | Guarda3 | JOao X Maria | Não | Não | Gisele da Silva | 20/10/2022 | 20/10/2021 | 01/02/2022 | Aguardando | Vai ser incrivel |" time="0"/>
  <testcase name="And user informs &quot;Observacao&quot; equals to &quot;Vai ser incrivel&quot;" classname="| Curitiba | 4265 | Guarda3 | JOao X Maria | Não | Não | Gisele da Silva | 20/10/2022 | 20/10/2021 | 01/02/2022 | Aguardando | Vai ser incrivel |" time="0"/>
  <testcase name="When user clicks on &apos;Salvar&apos; button" classname="| Curitiba | 4265 | Guarda3 | JOao X Maria | Não | Não | Gisele da Silva | 20/10/2022 | 20/10/2021 | 01/02/2022 | Aguardando | Vai ser incrivel |" time="0"/>
  <testcase name="Then user must see the &quot;Processo atualizado com sucesso.&quot; message" classname="| Curitiba | 4265 | Guarda3 | JOao X Maria | Não | Não | Gisele da Silva | 20/10/2022 | 20/10/2021 | 01/02/2022 | Aguardando | Vai ser incrivel |" time="0"/>
  <testcase name="| Curitiba | 4265 | Guarda3 | JOao X Maria | Não | Não | Gisele da Silva | 20/10/2022 | 20/10/2021 | 01/02/2022 | Aguardando | Vai ser incrivel |" classname="| Curitiba | 4265 | Guarda3 | JOao X Maria | Não | Não | Gisele da Silva | 20/10/2022 | 20/10/2021 | 01/02/2022 | Aguardando | Vai ser incrivel |" time="0.431"/>
  <testcase name="Given are on home page" classname="| Osasco | 422 | Guarda2 | Fulatinha | Sim | Sim | Gisele da Silva | 20/10/2022 | 20/10/2021 | 01/02/2021 | Aguardando |  |" time="0"/>
  <testcase name="And user clicks in &apos;Processos&apos; on menu" classname="| Osasco | 422 | Guarda2 | Fulatinha | Sim | Sim | Gisele da Silva | 20/10/2022 | 20/10/2021 | 01/02/2021 | Aguardando |  |" time="0"/>
  <testcase name="Given user clicks on &apos;Editar&apos; button of ID of created process" classname="| Osasco | 422 | Guarda2 | Fulatinha | Sim | Sim | Gisele da Silva | 20/10/2022 | 20/10/2021 | 01/02/2021 | Aguardando |  |" time="0"/>
  <testcase name="And user informs &quot;Vara&quot; equals to &quot;Osasco&quot;" classname="| Osasco | 422 | Guarda2 | Fulatinha | Sim | Sim | Gisele da Silva | 20/10/2022 | 20/10/2021 | 01/02/2021 | Aguardando |  |" time="0"/>
  <testcase name="And user informs &quot;Numero processo&quot; equals to &quot;422&quot;" classname="| Osasco | 422 | Guarda2 | Fulatinha | Sim | Sim | Gisele da Silva | 20/10/2022 | 20/10/2021 | 01/02/2021 | Aguardando |  |" time="0"/>
  <testcase name="And user informs &quot;Natureza&quot; equals to &quot;Guarda2&quot;" classname="| Osasco | 422 | Guarda2 | Fulatinha | Sim | Sim | Gisele da Silva | 20/10/2022 | 20/10/2021 | 01/02/2021 | Aguardando |  |" time="0"/>
  <testcase name="And user informs &quot;Partes&quot; equals to &quot;Fulatinha&quot;" classname="| Osasco | 422 | Guarda2 | Fulatinha | Sim | Sim | Gisele da Silva | 20/10/2022 | 20/10/2021 | 01/02/2021 | Aguardando |  |" time="0"/>
  <testcase name="And user informs &quot;Urgente&quot; equals to &quot;Sim&quot;" classname="| Osasco | 422 | Guarda2 | Fulatinha | Sim | Sim | Gisele da Silva | 20/10/2022 | 20/10/2021 | 01/02/2021 | Aguardando |  |" time="0"/>
  <testcase name="And user informs &quot;Arbitramento&quot; equals to &quot;Sim&quot;" classname="| Osasco | 422 | Guarda2 | Fulatinha | Sim | Sim | Gisele da Silva | 20/10/2022 | 20/10/2021 | 01/02/2021 | Aguardando |  |" time="0"/>
  <testcase name="And user informs &quot;Assistente social&quot; equals to &quot;Gisele da Silva&quot;" classname="| Osasco | 422 | Guarda2 | Fulatinha | Sim | Sim | Gisele da Silva | 20/10/2022 | 20/10/2021 | 01/02/2021 | Aguardando |  |" time="0"/>
  <testcase name="And user informs &quot;Data entrada&quot; equals to &quot;20/10/2022&quot;" classname="| Osasco | 422 | Guarda2 | Fulatinha | Sim | Sim | Gisele da Silva | 20/10/2022 | 20/10/2021 | 01/02/2021 | Aguardando |  |" time="0"/>
  <testcase name="And user informs &quot;Data saida&quot; equals to &quot;20/10/2021&quot;" classname="| Osasco | 422 | Guarda2 | Fulatinha | Sim | Sim | Gisele da Silva | 20/10/2022 | 20/10/2021 | 01/02/2021 | Aguardando |  |" time="0"/>
  <testcase name="And user informs &quot;Data agendamento&quot; equals to &quot;01/02/2021&quot;" classname="| Osasco | 422 | Guarda2 | Fulatinha | Sim | Sim | Gisele da Silva | 20/10/2022 | 20/10/2021 | 01/02/2021 | Aguardando |  |" time="0"/>
  <testcase name="And user informs &quot;Status&quot; equals to &quot;Aguardando&quot;" classname="| Osasco | 422 | Guarda2 | Fulatinha | Sim | Sim | Gisele da Silva | 20/10/2022 | 20/10/2021 | 01/02/2021 | Aguardando |  |" time="0"/>
  <testcase name="And user informs &quot;Observacao&quot; equals to &quot;&quot;" classname="| Osasco | 422 | Guarda2 | Fulatinha | Sim | Sim | Gisele da Silva | 20/10/2022 | 20/10/2021 | 01/02/2021 | Aguardando |  |" time="0"/>
  <testcase name="When user clicks on &apos;Salvar&apos; button" classname="| Osasco | 422 | Guarda2 | Fulatinha | Sim | Sim | Gisele da Silva | 20/10/2022 | 20/10/2021 | 01/02/2021 | Aguardando |  |" time="0"/>
  <testcase name="Then user must see the &quot;Processo atualizado com sucesso.&quot; message" classname="| Osasco | 422 | Guarda2 | Fulatinha | Sim | Sim | Gisele da Silva | 20/10/2022 | 20/10/2021 | 01/02/2021 | Aguardando |  |" time="0"/>
  <testcase name="| Osasco | 422 | Guarda2 | Fulatinha | Sim | Sim | Gisele da Silva | 20/10/2022 | 20/10/2021 | 01/02/2021 | Aguardando |  |" classname="| Osasco | 422 | Guarda2 | Fulatinha | Sim | Sim | Gisele da Silva | 20/10/2022 | 20/10/2021 | 01/02/2021 | Aguardando |  |" time="0.422"/>
  <testcase name="Given are on home page" classname="| Acre | 1 | Auditoria | Empresa X Empresa | Não | Não | Clayton das couves | 01/02/2018 | 01/02/2022 | 01/02/2023 | Em Analise |  |" time="0"/>
  <testcase name="And user clicks in &apos;Processos&apos; on menu" classname="| Acre | 1 | Auditoria | Empresa X Empresa | Não | Não | Clayton das couves | 01/02/2018 | 01/02/2022 | 01/02/2023 | Em Analise |  |" time="0"/>
  <testcase name="Given user clicks on &apos;Editar&apos; button of ID of created process" classname="| Acre | 1 | Auditoria | Empresa X Empresa | Não | Não | Clayton das couves | 01/02/2018 | 01/02/2022 | 01/02/2023 | Em Analise |  |" time="0"/>
  <testcase name="And user informs &quot;Vara&quot; equals to &quot;Acre&quot;" classname="| Acre | 1 | Auditoria | Empresa X Empresa | Não | Não | Clayton das couves | 01/02/2018 | 01/02/2022 | 01/02/2023 | Em Analise |  |" time="0"/>
  <testcase name="And user informs &quot;Numero processo&quot; equals to &quot;1&quot;" classname="| Acre | 1 | Auditoria | Empresa X Empresa | Não | Não | Clayton das couves | 01/02/2018 | 01/02/2022 | 01/02/2023 | Em Analise |  |" time="0"/>
  <testcase name="And user informs &quot;Natureza&quot; equals to &quot;Auditoria&quot;" classname="| Acre | 1 | Auditoria | Empresa X Empresa | Não | Não | Clayton das couves | 01/02/2018 | 01/02/2022 | 01/02/2023 | Em Analise |  |" time="0"/>
  <testcase name="And user informs &quot;Partes&quot; equals to &quot;Empresa X Empresa&quot;" classname="| Acre | 1 | Auditoria | Empresa X Empresa | Não | Não | Clayton das couves | 01/02/2018 | 01/02/2022 | 01/02/2023 | Em Analise |  |" time="0"/>
  <testcase name="And user informs &quot;Urgente&quot; equals to &quot;Não&quot;" classname="| Acre | 1 | Auditoria | Empresa X Empresa | Não | Não | Clayton das couves | 01/02/2018 | 01/02/2022 | 01/02/2023 | Em Analise |  |" time="0"/>
  <testcase name="And user informs &quot;Arbitramento&quot; equals to &quot;Não&quot;" classname="| Acre | 1 | Auditoria | Empresa X Empresa | Não | Não | Clayton das couves | 01/02/2018 | 01/02/2022 | 01/02/2023 | Em Analise |  |" time="0"/>
  <testcase name="And user informs &quot;Assistente social&quot; equals to &quot;Clayton das couves&quot;" classname="| Acre | 1 | Auditoria | Empresa X Empresa | Não | Não | Clayton das couves | 01/02/2018 | 01/02/2022 | 01/02/2023 | Em Analise |  |" time="0"/>
  <testcase name="And user informs &quot;Data entrada&quot; equals to &quot;01/02/2018&quot;" classname="| Acre | 1 | Auditoria | Empresa X Empresa | Não | Não | Clayton das couves | 01/02/2018 | 01/02/2022 | 01/02/2023 | Em Analise |  |" time="0"/>
  <testcase name="And user informs &quot;Data saida&quot; equals to &quot;01/02/2022&quot;" classname="| Acre | 1 | Auditoria | Empresa X Empresa | Não | Não | Clayton das couves | 01/02/2018 | 01/02/2022 | 01/02/2023 | Em Analise |  |" time="0"/>
  <testcase name="And user informs &quot;Data agendamento&quot; equals to &quot;01/02/2023&quot;" classname="| Acre | 1 | Auditoria | Empresa X Empresa | Não | Não | Clayton das couves | 01/02/2018 | 01/02/2022 | 01/02/2023 | Em Analise |  |" time="0"/>
  <testcase name="And user informs &quot;Status&quot; equals to &quot;Em Analise&quot;" classname="| Acre | 1 | Auditoria | Empresa X Empresa | Não | Não | Clayton das couves | 01/02/2018 | 01/02/2022 | 01/02/2023 | Em Analise |  |" time="0"/>
  <testcase name="And user informs &quot;Observacao&quot; equals to &quot;&quot;" classname="| Acre | 1 | Auditoria | Empresa X Empresa | Não | Não | Clayton das couves | 01/02/2018 | 01/02/2022 | 01/02/2023 | Em Analise |  |" time="0"/>
  <testcase name="When user clicks on &apos;Salvar&apos; button" classname="| Acre | 1 | Auditoria | Empresa X Empresa | Não | Não | Clayton das couves | 01/02/2018 | 01/02/2022 | 01/02/2023 | Em Analise |  |" time="0"/>
  <testcase name="Then user must see the &quot;Processo atualizado com sucesso.&quot; message" classname="| Acre | 1 | Auditoria | Empresa X Empresa | Não | Não | Clayton das couves | 01/02/2018 | 01/02/2022 | 01/02/2023 | Em Analise |  |" time="0"/>
  <testcase name="| Acre | 1 | Auditoria | Empresa X Empresa | Não | Não | Clayton das couves | 01/02/2018 | 01/02/2022 | 01/02/2023 | Em Analise |  |" classname="| Acre | 1 | Auditoria | Empresa X Empresa | Não | Não | Clayton das couves | 01/02/2018 | 01/02/2022 | 01/02/2023 | Em Analise |  |" time="0.43"/>
  <testcase name="Given are on home page" classname="Scenario: Delete a Process" time="0"/>
  <testcase name="And user clicks in &apos;Processos&apos; on menu" classname="Scenario: Delete a Process" time="0"/>
  <testcase name="Given user wants delete a process" classname="Scenario: Delete a Process" time="0"/>
  <testcase name="When user clicks on &apos;Apagar&apos; button of ID of created process" classname="Scenario: Delete a Process" time="0"/>
  <testcase name="Then user returns to page of process list" classname="Scenario: Delete a Process" time="0"/>
  <testcase name="Scenario: Delete a Process" classname="Scenario: Delete a Process" time="0.444"/>
</testsuite>